15/09/2023 15:07:58 INFO: Simple Pipe: Lighting the fire!
****************************************************************************************************
15/09/2023 15:07:58 INFO: Found pipeline: My_Simple_Pipe
15/09/2023 15:07:58 INFO: Pipeline Description: My simple pipeline template
15/09/2023 15:07:58 INFO: Loading environment variables
15/09/2023 15:07:58 INFO: Pipeline Config: schema: raw , database engine: duckdb
15/09/2023 15:07:58 INFO: Connecting to database duckdb: data/simple_pipe.duckdb 
15/09/2023 15:07:58 INFO: Simple Pipe: Smoking!
15/09/2023 15:07:58 INFO: Simple Pipe: Looking at task list....
15/09/2023 15:07:58 INFO: - Task: merged_data type: csv
15/09/2023 15:07:58 INFO: - Task: date_table type: csv
15/09/2023 15:07:58 INFO: Simple Pipe: Processing Task List
15/09/2023 15:07:58 INFO: Looking at task: merged_data type: csv
15/09/2023 15:07:58 INFO: - get_csv: Data extracted from csv: "data/merge_data.csv"
15/09/2023 15:07:58 INFO: - get_csv: Data shape: (222, 13)
15/09/2023 15:07:58 INFO: - SQL filtering: log_filter
15/09/2023 15:07:58 INFO: - SQL filter Result: (211, 12)
15/09/2023 15:07:58 INFO: - SQL: CREATE OR REPLACE TABLE raw.merged_logs AS SELECT * FROM df_upload
15/09/2023 15:07:58 INFO: - SQL Result: raw.merged_logs: (211, 12)
15/09/2023 15:07:58 INFO: Finished processing task: merged_data
15/09/2023 15:07:58 INFO: Looking at task: date_table type: csv
15/09/2023 15:07:59 INFO: - get_csv: Data extracted from csv: "data/date_table.csv"
15/09/2023 15:07:59 INFO: - get_csv: Data shape: (18258, 20)
15/09/2023 15:07:59 INFO: - SQL filtering: date_select
15/09/2023 15:07:59 INFO: - SQL filter Result: (1461, 20)
15/09/2023 15:07:59 INFO: - SQL: CREATE OR REPLACE TABLE raw.dim_dates AS SELECT * FROM df_upload
15/09/2023 15:07:59 INFO: - SQL Result: raw.dim_dates: (1461, 20)
15/09/2023 15:07:59 INFO: Finished processing task: date_table
15/09/2023 15:07:59 INFO: Simple Pipe: Yay! 0 tasks failed!
15/09/2023 15:07:59 INFO: Simple Pipe: Smoked!
****************************************************************************************************
